<?xml version="1.0" encoding="UTF-8"?>
<testng-results skipped="0" failed="0" ignored="0" total="1" passed="1">
  <reporter-output>
  </reporter-output>
  <suite name="Suite" duration-ms="172" started-at="2021-03-22T12:50:43 EDT" finished-at="2021-03-22T12:50:44 EDT">
    <groups>
    </groups>
    <test name="Test" duration-ms="172" started-at="2021-03-22T12:50:43 EDT" finished-at="2021-03-22T12:50:44 EDT">
      <class name="com.test.WordTest">
        <test-method status="PASS" signature="validateWordsSet()[pri:0, instance:com.test.WordTest@48503868]" name="validateWordsSet" duration-ms="137" started-at="2021-03-22T12:50:43 EDT" finished-at="2021-03-22T12:50:44 EDT">
          <reporter-output>
          </reporter-output>
        </test-method> <!-- validateWordsSet -->
      </class> <!-- com.test.WordTest -->
    </test> <!-- Test -->
  </suite> <!-- Suite -->
</testng-results>
