<?xml version="1.0" encoding="UTF-8"?>
<testng-results skipped="0" failed="0" ignored="0" total="1" passed="1">
  <reporter-output>
  </reporter-output>
  <suite name="Default suite" duration-ms="71" started-at="2021-03-16T08:28:49 EDT" finished-at="2021-03-16T08:28:49 EDT">
    <groups>
    </groups>
    <test name="Default test" duration-ms="71" started-at="2021-03-16T08:28:49 EDT" finished-at="2021-03-16T08:28:49 EDT">
      <class name="com.test.WordTest">
        <test-method status="PASS" signature="validateStringSetAreWords()[pri:0, instance:com.test.WordTest@48503868]" name="validateStringSetAreWords" duration-ms="19" started-at="2021-03-16T08:28:49 EDT" finished-at="2021-03-16T08:28:49 EDT">
          <reporter-output>
          </reporter-output>
        </test-method> <!-- validateStringSetAreWords -->
      </class> <!-- com.test.WordTest -->
    </test> <!-- Default test -->
  </suite> <!-- Default suite -->
</testng-results>
